<?xml version="1.0" encoding="utf-8"?><testsuites name="pytest tests"><testsuite name="pytest" errors="0" failures="0" skipped="1" tests="26" time="3.167" timestamp="2026-07-23T08:48:13.336691+00:00" hostname="agent-env-40f04721-60fc-4f3c-92ce-589ad9e4a8d5"><testcase classname="tests.backend_test.TestRates" name="test_public_list" time="0.134" /><testcase classname="tests.backend_test.TestProducts" name="test_write_requires_auth" time="0.116" /><testcase classname="tests.backend_test.TestRates" name="test_put_requires_auth" time="0.297" /><testcase classname="tests.backend_test.TestProducts" name="test_create_and_get" time="0.596" /><testcase classname="tests.backend_test.TestProducts" name="test_list_filters" time="0.124" /><testcase classname="tests.backend_test.TestRates" name="test_put_upsert" time="0.460" /><testcase classname="tests.backend_test.TestProducts" name="test_update" time="0.041" /><testcase classname="tests.backend_test.TestProducts" name="test_delete" time="0.154" /><testcase classname="tests.backend_test.TestRates" name="test_api_suggestion_auth_gated" time="0.141" /><testcase classname="tests.backend_test.TestAuth" name="test_login_success" time="0.266" /><testcase classname="tests.backend_test.TestRates" name="test_api_suggestion" time="0.375"><skipped type="pytest.skip" message="External goldprice.org is down (502) — auth-gating verified above">/app/backend/tests/backend_test.py:227: External goldprice.org is down (502) — auth-gating verified above</skipped></testcase><testcase classname="tests.backend_test.TestAuth" name="test_login_wrong_password" time="0.357" /><testcase classname="tests.backend_test.TestInquiries" name="test_public_create" time="0.248" /><testcase classname="tests.backend_test.TestAuth" name="test_me_requires_auth" time="0.093" /><testcase classname="tests.backend_test.TestInquiries" name="test_list_requires_auth" time="0.143" /><testcase classname="tests.backend_test.TestAuth" name="test_me_with_bearer" time="0.094" /><testcase classname="tests.backend_test.TestInquiries" name="test_list_admin" time="0.086" /><testcase classname="tests.backend_test.TestReviews" name="test_write_requires_auth" time="0.100" /><testcase classname="tests.backend_test.TestInquiries" name="test_delete_cleanup" time="0.049" /><testcase classname="tests.backend_test.TestFiles" name="test_upload_requires_auth" time="0.139" /><testcase classname="tests.backend_test.TestReviews" name="test_create_admin" time="0.040" /><testcase classname="tests.backend_test.TestReviews" name="test_public_list" time="0.041" /><testcase classname="tests.backend_test.TestReviews" name="test_delete_cleanup" time="0.052" /><testcase classname="tests.backend_test.TestFiles" name="test_upload_and_download" time="0.506" /><testcase classname="tests.backend_test.TestCategories" name="test_list_categories" time="0.040" /><testcase classname="tests.backend_test.TestHealth" name="test_root" time="0.053" /></testsuite></testsuites>